<?xml version="1.0" encoding="UTF-8"?>
<!-- Generated by org.testng.reporters.JUnitReportReporter -->
<testsuite hostname="Nagas-MBP" failures="0" tests="1" name="TestNG_Tests.ChromeTesting" time="0.046" errors="0" timestamp="2022-09-03T22:20:13 EDT" skipped="0">
  <testcase classname="TestNG_Tests.ChromeTesting" name="chromeTestMethod" time="0.046"/>
  <system-out/>
</testsuite> <!-- TestNG_Tests.ChromeTesting -->
