<?xml version="1.0" encoding="UTF-8"?>
<!-- Generated by org.testng.reporters.JUnitReportReporter -->
<testsuite hostname="Nagas-MacBook-Pro-2.local" failures="0" tests="8" name="TestNG_Tests.testPrioritize" time="0.037" errors="0" timestamp="2022-09-01T16:26:45 EDT" skipped="0">
  <testcase classname="TestNG_Tests.testPrioritize" name="testingLoginValidEmailAndValid" time="0.010"/>
  <system-out/>
  <testcase classname="TestNG_Tests.testPrioritize" name="HelloLoginValidEmailAndValid" time="0.004"/>
  <system-out/>
  <testcase classname="TestNG_Tests.testPrioritize" name="HelloWithValidEmailAndValid" time="0.003"/>
  <system-out/>
  <testcase classname="TestNG_Tests.testPrioritize" name="testingWithValidEmailAndValid" time="0.002"/>
  <system-out/>
  <testcase classname="TestNG_Tests.testPrioritize" name="testinGoogleHomePage" time="0.002"/>
  <system-out/>
  <testcase classname="TestNG_Tests.testPrioritize" name="testingLoginWithValidEmailAndValidPassword" time="0.007"/>
  <system-out/>
  <testcase classname="TestNG_Tests.testPrioritize" name="testingLoginValidEmailAndValidPassword" time="0.007"/>
  <system-out/>
  <testcase classname="TestNG_Tests.testPrioritize" name="testunGoogleHomePage" time="0.002"/>
  <system-out/>
</testsuite> <!-- TestNG_Tests.testPrioritize -->
