<?xml version="1.0" encoding="UTF-8"?>
<!-- Generated by org.testng.reporters.JUnitReportReporter -->
<testsuite hostname="Nagas-MacBook-Pro-2.local" failures="0" tests="2" name="TestNG_Tests.LoginTest" time="0.015" errors="0" timestamp="2022-09-01T16:20:12 EDT" skipped="0">
  <testcase classname="TestNG_Tests.LoginTest" name="bloginTest" time="0.012"/>
  <system-out/>
  <testcase classname="TestNG_Tests.LoginTest" name="alogoutTest" time="0.003"/>
  <system-out/>
</testsuite> <!-- TestNG_Tests.LoginTest -->
