<?xml version="1.0" encoding="UTF-8"?>
<!-- Generated by org.testng.reporters.JUnitReportReporter -->
<testsuite hostname="Nagas-MacBook-Pro-2.local" failures="0" tests="2" name="TestNG_Tests.orderOfExecutionTestNG" time="0.019" errors="0" timestamp="2022-09-01T16:20:51 EDT" skipped="0">
  <testcase classname="TestNG_Tests.orderOfExecutionTestNG" name="Test2" time="0.007"/>
  <system-out/>
  <testcase classname="TestNG_Tests.orderOfExecutionTestNG" name="Test1" time="0.012"/>
  <system-out/>
</testsuite> <!-- TestNG_Tests.orderOfExecutionTestNG -->
