<?xml version="1.0" encoding="UTF-8"?>
<!-- Generated by org.testng.reporters.JUnitReportReporter -->
<testsuite hostname="Nagas-MacBook-Pro-2.local" failures="0" tests="1" name="TestNG_Tests.TestsTestNG" time="0.017" errors="0" timestamp="2022-09-01T16:27:14 EDT" skipped="0">
  <testcase classname="TestNG_Tests.TestsTestNG" name="setUp" time="0.017"/>
  <system-out/>
</testsuite> <!-- TestNG_Tests.TestsTestNG -->
