<?xml version="1.0" encoding="UTF-8"?>
<!-- Generated by org.testng.reporters.JUnitReportReporter -->
<testsuite hostname="Nagas-MacBook-Pro-2.local" failures="0" tests="2" name="TestNG_Tests.testingGrouping" time="0.002" errors="0" timestamp="2022-09-01T16:24:58 EDT" skipped="1">
  <testcase classname="TestNG_Tests.testingGrouping" name="WorkingOnThisTestCase" time="0.002"/>
  <system-out/>
  <testcase classname="TestNG_Tests.testingGrouping" name="logOut" time="0.000">
    <skipped/>
  </testcase> <!-- logOut -->
  <system-out/>
</testsuite> <!-- TestNG_Tests.testingGrouping -->
