<?xml version="1.0" encoding="UTF-8"?>
<!-- Generated by org.testng.reporters.JUnitReportReporter -->
<testsuite hostname="Nagas-MacBook-Pro-2.local" failures="0" tests="10" name="TestNG_Tests.dataProviderTest" time="0.029" errors="0" timestamp="2022-09-01T16:17:37 EDT" skipped="1">
  <testcase classname="TestNG_Tests.dataProviderTest" name="validatinSum" time="0.003"/>
  <system-out/>
  <testcase classname="TestNG_Tests.dataProviderTest" name="myTest2" time="0.002"/>
  <system-out/>
  <testcase classname="TestNG_Tests.dataProviderTest" name="validatinSum" time="0.004"/>
  <system-out/>
  <testcase classname="TestNG_Tests.dataProviderTest" name="myTest" time="0.002"/>
  <system-out/>
  <testcase classname="TestNG_Tests.dataProviderTest" name="myTest" time="0.002"/>
  <system-out/>
  <testcase classname="TestNG_Tests.dataProviderTest" name="myTest2" time="0.002"/>
  <system-out/>
  <testcase classname="TestNG_Tests.dataProviderTest" name="myTest2" time="0.001"/>
  <system-out/>
  <testcase classname="TestNG_Tests.dataProviderTest" name="validatinSum" time="0.002"/>
  <system-out/>
  <testcase classname="TestNG_Tests.dataProviderTest" name="myTest" time="0.011"/>
  <system-out/>
  <testcase classname="TestNG_Tests.dataProviderTest" name="myTest3">
    <skipped/>
  </testcase> <!-- myTest3 -->
  <system-out/>
</testsuite> <!-- TestNG_Tests.dataProviderTest -->
